execve("./hello", ["./hello"], 0x7ffff5cd2938 /* 37 vars */) = 0 <0.001102>
arch_prctl(ARCH_SET_FS, 0x52d570)       = 0 <0.000037>
sched_getaffinity(0, 8192, [0 1 2 3 4 5 6 7 8 9 10 11 12 13 14 15]) = 8 <0.000034>
openat(AT_FDCWD, "/sys/kernel/mm/transparent_hugepage/hpage_pmd_size", O_RDONLY) = 3 <0.000047>
read(3, "2097152\n", 20)                = 8 <0.000086>
close(3)                                = 0 <0.000037>
mmap(NULL, 262144, PROT_READ|PROT_WRITE, MAP_PRIVATE|MAP_ANONYMOUS, -1, 0) = 0x72b8dc260000 <0.000046>
mmap(NULL, 131072, PROT_NONE, MAP_PRIVATE|MAP_ANONYMOUS, -1, 0) = 0x72b8dc240000 <0.000030>
mmap(NULL, 1048576, PROT_NONE, MAP_PRIVATE|MAP_ANONYMOUS, -1, 0) = 0x72b8dc140000 <0.000032>
mmap(NULL, 8388608, PROT_NONE, MAP_PRIVATE|MAP_ANONYMOUS, -1, 0) = 0x72b8db940000 <0.000034>
mmap(NULL, 67108864, PROT_NONE, MAP_PRIVATE|MAP_ANONYMOUS, -1, 0) = 0x72b8d7940000 <0.000032>
mmap(NULL, 536870912, PROT_NONE, MAP_PRIVATE|MAP_ANONYMOUS, -1, 0) = 0x72b8b7940000 <0.000031>
mmap(NULL, 536870912, PROT_NONE, MAP_PRIVATE|MAP_ANONYMOUS, -1, 0) = 0x72b897940000 <0.000031>
mmap(0xc000000000, 67108864, PROT_NONE, MAP_PRIVATE|MAP_ANONYMOUS, -1, 0) = 0xc000000000 <0.000076>
mmap(NULL, 33554432, PROT_READ|PROT_WRITE, MAP_PRIVATE|MAP_ANONYMOUS, -1, 0) = 0x72b895940000 <0.000034>
madvise(0x72b895940000, 33554432, MADV_NOHUGEPAGE) = 0 <0.000030>
mmap(NULL, 68624, PROT_READ|PROT_WRITE, MAP_PRIVATE|MAP_ANONYMOUS, -1, 0) = 0x72b89592f000 <0.000048>
mmap(0xc000000000, 4194304, PROT_READ|PROT_WRITE, MAP_PRIVATE|MAP_FIXED|MAP_ANONYMOUS, -1, 0) = 0xc000000000 <0.000036>
mmap(0x72b8dc240000, 131072, PROT_READ|PROT_WRITE, MAP_PRIVATE|MAP_FIXED|MAP_ANONYMOUS, -1, 0) = 0x72b8dc240000 <0.000112>
mmap(0x72b8dc1c0000, 4096, PROT_READ|PROT_WRITE, MAP_PRIVATE|MAP_FIXED|MAP_ANONYMOUS, -1, 0) = 0x72b8dc1c0000 <0.000036>
mmap(0x72b8dbd46000, 4096, PROT_READ|PROT_WRITE, MAP_PRIVATE|MAP_FIXED|MAP_ANONYMOUS, -1, 0) = 0x72b8dbd46000 <0.000038>
mmap(0x72b8d9970000, 4096, PROT_READ|PROT_WRITE, MAP_PRIVATE|MAP_FIXED|MAP_ANONYMOUS, -1, 0) = 0x72b8d9970000 <0.000182>
mmap(0x72b8c7ac0000, 4096, PROT_READ|PROT_WRITE, MAP_PRIVATE|MAP_FIXED|MAP_ANONYMOUS, -1, 0) = 0x72b8c7ac0000 <0.000049>
mmap(0x72b8a7ac0000, 4096, PROT_READ|PROT_WRITE, MAP_PRIVATE|MAP_FIXED|MAP_ANONYMOUS, -1, 0) = 0x72b8a7ac0000 <0.000074>
mmap(NULL, 1048576, PROT_READ|PROT_WRITE, MAP_PRIVATE|MAP_ANONYMOUS, -1, 0) = 0x72b89582f000 <0.000029>
madvise(0x72b89582f000, 1048576, MADV_NOHUGEPAGE) = 0 <0.000031>
mmap(NULL, 65536, PROT_READ|PROT_WRITE, MAP_PRIVATE|MAP_ANONYMOUS, -1, 0) = 0x72b89581f000 <0.000031>
mmap(NULL, 65536, PROT_READ|PROT_WRITE, MAP_PRIVATE|MAP_ANONYMOUS, -1, 0) = 0x72b89580f000 <0.000029>
rt_sigprocmask(SIG_SETMASK, NULL, [], 8) = 0 <0.000031>
fcntl(0, F_GETFD)                       = 0 <0.000032>
fcntl(1, F_GETFD)                       = 0 <0.000033>
fcntl(2, F_GETFD)                       = 0 <0.000037>
sigaltstack(NULL, {ss_sp=NULL, ss_flags=SS_DISABLE, ss_size=0}) = 0 <0.000033>
sigaltstack({ss_sp=0xc000008000, ss_flags=0, ss_size=32768}, NULL) = 0 <0.000033>
rt_sigprocmask(SIG_SETMASK, [], NULL, 8) = 0 <0.000034>
gettid()                                = 30232 <0.000041>
rt_sigaction(SIGHUP, NULL, {sa_handler=SIG_DFL, sa_mask=[], sa_flags=0}, 8) = 0 <0.000032>
rt_sigaction(SIGHUP, {sa_handler=0x463dc0, sa_mask=~[], sa_flags=SA_RESTORER|SA_ONSTACK|SA_RESTART|SA_SIGINFO, sa_restorer=0x463f00}, NULL, 8) = 0 <0.000032>
rt_sigaction(SIGINT, NULL, {sa_handler=SIG_DFL, sa_mask=[], sa_flags=0}, 8) = 0 <0.000030>
rt_sigaction(SIGINT, {sa_handler=0x463dc0, sa_mask=~[], sa_flags=SA_RESTORER|SA_ONSTACK|SA_RESTART|SA_SIGINFO, sa_restorer=0x463f00}, NULL, 8) = 0 <0.000056>
rt_sigaction(SIGQUIT, NULL, {sa_handler=SIG_DFL, sa_mask=[], sa_flags=0}, 8) = 0 <0.000061>
rt_sigaction(SIGQUIT, {sa_handler=0x463dc0, sa_mask=~[], sa_flags=SA_RESTORER|SA_ONSTACK|SA_RESTART|SA_SIGINFO, sa_restorer=0x463f00}, NULL, 8) = 0 <0.000066>
rt_sigaction(SIGILL, NULL, {sa_handler=SIG_DFL, sa_mask=[], sa_flags=0}, 8) = 0 <0.000063>
rt_sigaction(SIGILL, {sa_handler=0x463dc0, sa_mask=~[], sa_flags=SA_RESTORER|SA_ONSTACK|SA_RESTART|SA_SIGINFO, sa_restorer=0x463f00}, NULL, 8) = 0 <0.000137>
rt_sigaction(SIGTRAP, NULL, {sa_handler=SIG_DFL, sa_mask=[], sa_flags=0}, 8) = 0 <0.000070>
rt_sigaction(SIGTRAP, {sa_handler=0x463dc0, sa_mask=~[], sa_flags=SA_RESTORER|SA_ONSTACK|SA_RESTART|SA_SIGINFO, sa_restorer=0x463f00}, NULL, 8) = 0 <0.000255>
rt_sigaction(SIGABRT, NULL, {sa_handler=SIG_DFL, sa_mask=[], sa_flags=0}, 8) = 0 <0.000091>
rt_sigaction(SIGABRT, {sa_handler=0x463dc0, sa_mask=~[], sa_flags=SA_RESTORER|SA_ONSTACK|SA_RESTART|SA_SIGINFO, sa_restorer=0x463f00}, NULL, 8) = 0 <0.000033>
rt_sigaction(SIGBUS, NULL, {sa_handler=SIG_DFL, sa_mask=[], sa_flags=0}, 8) = 0 <0.000028>
rt_sigaction(SIGBUS, {sa_handler=0x463dc0, sa_mask=~[], sa_flags=SA_RESTORER|SA_ONSTACK|SA_RESTART|SA_SIGINFO, sa_restorer=0x463f00}, NULL, 8) = 0 <0.000038>
rt_sigaction(SIGFPE, NULL, {sa_handler=SIG_DFL, sa_mask=[], sa_flags=0}, 8) = 0 <0.000052>
rt_sigaction(SIGFPE, {sa_handler=0x463dc0, sa_mask=~[], sa_flags=SA_RESTORER|SA_ONSTACK|SA_RESTART|SA_SIGINFO, sa_restorer=0x463f00}, NULL, 8) = 0 <0.000056>
rt_sigaction(SIGUSR1, NULL, {sa_handler=SIG_DFL, sa_mask=[], sa_flags=0}, 8) = 0 <0.000053>
rt_sigaction(SIGUSR1, {sa_handler=0x463dc0, sa_mask=~[], sa_flags=SA_RESTORER|SA_ONSTACK|SA_RESTART|SA_SIGINFO, sa_restorer=0x463f00}, NULL, 8) = 0 <0.000066>
rt_sigaction(SIGSEGV, NULL, {sa_handler=SIG_DFL, sa_mask=[], sa_flags=0}, 8) = 0 <0.000058>
rt_sigaction(SIGSEGV, {sa_handler=0x463dc0, sa_mask=~[], sa_flags=SA_RESTORER|SA_ONSTACK|SA_RESTART|SA_SIGINFO, sa_restorer=0x463f00}, NULL, 8) = 0 <0.000060>
rt_sigaction(SIGUSR2, NULL, {sa_handler=SIG_DFL, sa_mask=[], sa_flags=0}, 8) = 0 <0.000051>
rt_sigaction(SIGUSR2, {sa_handler=0x463dc0, sa_mask=~[], sa_flags=SA_RESTORER|SA_ONSTACK|SA_RESTART|SA_SIGINFO, sa_restorer=0x463f00}, NULL, 8) = 0 <0.000052>
rt_sigaction(SIGPIPE, NULL, {sa_handler=SIG_DFL, sa_mask=[], sa_flags=0}, 8) = 0 <0.000048>
rt_sigaction(SIGPIPE, {sa_handler=0x463dc0, sa_mask=~[], sa_flags=SA_RESTORER|SA_ONSTACK|SA_RESTART|SA_SIGINFO, sa_restorer=0x463f00}, NULL, 8) = 0 <0.000047>
rt_sigaction(SIGALRM, NULL, {sa_handler=SIG_DFL, sa_mask=[], sa_flags=0}, 8) = 0 <0.000048>
rt_sigaction(SIGALRM, {sa_handler=0x463dc0, sa_mask=~[], sa_flags=SA_RESTORER|SA_ONSTACK|SA_RESTART|SA_SIGINFO, sa_restorer=0x463f00}, NULL, 8) = 0 <0.000047>
rt_sigaction(SIGTERM, NULL, {sa_handler=SIG_DFL, sa_mask=[], sa_flags=0}, 8) = 0 <0.000027>
rt_sigaction(SIGTERM, {sa_handler=0x463dc0, sa_mask=~[], sa_flags=SA_RESTORER|SA_ONSTACK|SA_RESTART|SA_SIGINFO, sa_restorer=0x463f00}, NULL, 8) = 0 <0.000029>
rt_sigaction(SIGSTKFLT, NULL, {sa_handler=SIG_DFL, sa_mask=[], sa_flags=0}, 8) = 0 <0.000027>
rt_sigaction(SIGSTKFLT, {sa_handler=0x463dc0, sa_mask=~[], sa_flags=SA_RESTORER|SA_ONSTACK|SA_RESTART|SA_SIGINFO, sa_restorer=0x463f00}, NULL, 8) = 0 <0.000027>
rt_sigaction(SIGCHLD, NULL, {sa_handler=SIG_DFL, sa_mask=[], sa_flags=0}, 8) = 0 <0.000027>
rt_sigaction(SIGCHLD, {sa_handler=0x463dc0, sa_mask=~[], sa_flags=SA_RESTORER|SA_ONSTACK|SA_RESTART|SA_SIGINFO, sa_restorer=0x463f00}, NULL, 8) = 0 <0.000027>
rt_sigaction(SIGURG, NULL, {sa_handler=SIG_DFL, sa_mask=[], sa_flags=0}, 8) = 0 <0.000027>
rt_sigaction(SIGURG, {sa_handler=0x463dc0, sa_mask=~[], sa_flags=SA_RESTORER|SA_ONSTACK|SA_RESTART|SA_SIGINFO, sa_restorer=0x463f00}, NULL, 8) = 0 <0.000029>
rt_sigaction(SIGXCPU, NULL, {sa_handler=SIG_DFL, sa_mask=[], sa_flags=0}, 8) = 0 <0.000029>
rt_sigaction(SIGXCPU, {sa_handler=0x463dc0, sa_mask=~[], sa_flags=SA_RESTORER|SA_ONSTACK|SA_RESTART|SA_SIGINFO, sa_restorer=0x463f00}, NULL, 8) = 0 <0.000033>
rt_sigaction(SIGXFSZ, NULL, {sa_handler=SIG_DFL, sa_mask=[], sa_flags=0}, 8) = 0 <0.000028>
rt_sigaction(SIGXFSZ, {sa_handler=0x463dc0, sa_mask=~[], sa_flags=SA_RESTORER|SA_ONSTACK|SA_RESTART|SA_SIGINFO, sa_restorer=0x463f00}, NULL, 8) = 0 <0.000032>
rt_sigaction(SIGVTALRM, NULL, {sa_handler=SIG_DFL, sa_mask=[], sa_flags=0}, 8) = 0 <0.000028>
rt_sigaction(SIGVTALRM, {sa_handler=0x463dc0, sa_mask=~[], sa_flags=SA_RESTORER|SA_ONSTACK|SA_RESTART|SA_SIGINFO, sa_restorer=0x463f00}, NULL, 8) = 0 <0.000032>
rt_sigaction(SIGPROF, NULL, {sa_handler=SIG_DFL, sa_mask=[], sa_flags=0}, 8) = 0 <0.000035>
rt_sigaction(SIGPROF, {sa_handler=0x463dc0, sa_mask=~[], sa_flags=SA_RESTORER|SA_ONSTACK|SA_RESTART|SA_SIGINFO, sa_restorer=0x463f00}, NULL, 8) = 0 <0.000032>
rt_sigaction(SIGWINCH, NULL, {sa_handler=SIG_DFL, sa_mask=[], sa_flags=0}, 8) = 0 <0.000077>
rt_sigaction(SIGWINCH, {sa_handler=0x463dc0, sa_mask=~[], sa_flags=SA_RESTORER|SA_ONSTACK|SA_RESTART|SA_SIGINFO, sa_restorer=0x463f00}, NULL, 8) = 0 <0.000032>
rt_sigaction(SIGIO, NULL, {sa_handler=SIG_DFL, sa_mask=[], sa_flags=0}, 8) = 0 <0.000028>
rt_sigaction(SIGIO, {sa_handler=0x463dc0, sa_mask=~[], sa_flags=SA_RESTORER|SA_ONSTACK|SA_RESTART|SA_SIGINFO, sa_restorer=0x463f00}, NULL, 8) = 0 <0.000037>
rt_sigaction(SIGPWR, NULL, {sa_handler=SIG_DFL, sa_mask=[], sa_flags=0}, 8) = 0 <0.000027>
rt_sigaction(SIGPWR, {sa_handler=0x463dc0, sa_mask=~[], sa_flags=SA_RESTORER|SA_ONSTACK|SA_RESTART|SA_SIGINFO, sa_restorer=0x463f00}, NULL, 8) = 0 <0.000028>
rt_sigaction(SIGSYS, NULL, {sa_handler=SIG_DFL, sa_mask=[], sa_flags=0}, 8) = 0 <0.000028>
rt_sigaction(SIGSYS, {sa_handler=0x463dc0, sa_mask=~[], sa_flags=SA_RESTORER|SA_ONSTACK|SA_RESTART|SA_SIGINFO, sa_restorer=0x463f00}, NULL, 8) = 0 <0.000030>
rt_sigaction(SIGRTMIN, NULL, {sa_handler=SIG_DFL, sa_mask=[], sa_flags=0}, 8) = 0 <0.000027>
rt_sigaction(SIGRT_1, NULL, {sa_handler=SIG_DFL, sa_mask=[], sa_flags=0}, 8) = 0 <0.000027>
rt_sigaction(SIGRT_1, {sa_handler=0x463dc0, sa_mask=~[], sa_flags=SA_RESTORER|SA_ONSTACK|SA_RESTART|SA_SIGINFO, sa_restorer=0x463f00}, NULL, 8) = 0 <0.000027>
rt_sigaction(SIGRT_2, NULL, {sa_handler=SIG_DFL, sa_mask=[], sa_flags=0}, 8) = 0 <0.000027>
rt_sigaction(SIGRT_3, NULL, {sa_handler=SIG_DFL, sa_mask=[], sa_flags=0}, 8) = 0 <0.000027>
rt_sigaction(SIGRT_3, {sa_handler=0x463dc0, sa_mask=~[], sa_flags=SA_RESTORER|SA_ONSTACK|SA_RESTART|SA_SIGINFO, sa_restorer=0x463f00}, NULL, 8) = 0 <0.000029>
rt_sigaction(SIGRT_4, NULL, {sa_handler=SIG_DFL, sa_mask=[], sa_flags=0}, 8) = 0 <0.000027>
rt_sigaction(SIGRT_4, {sa_handler=0x463dc0, sa_mask=~[], sa_flags=SA_RESTORER|SA_ONSTACK|SA_RESTART|SA_SIGINFO, sa_restorer=0x463f00}, NULL, 8) = 0 <0.000027>
rt_sigaction(SIGRT_5, NULL, {sa_handler=SIG_DFL, sa_mask=[], sa_flags=0}, 8) = 0 <0.000027>
rt_sigaction(SIGRT_5, {sa_handler=0x463dc0, sa_mask=~[], sa_flags=SA_RESTORER|SA_ONSTACK|SA_RESTART|SA_SIGINFO, sa_restorer=0x463f00}, NULL, 8) = 0 <0.000027>
rt_sigaction(SIGRT_6, NULL, {sa_handler=SIG_DFL, sa_mask=[], sa_flags=0}, 8) = 0 <0.000027>
rt_sigaction(SIGRT_6, {sa_handler=0x463dc0, sa_mask=~[], sa_flags=SA_RESTORER|SA_ONSTACK|SA_RESTART|SA_SIGINFO, sa_restorer=0x463f00}, NULL, 8) = 0 <0.000027>
rt_sigaction(SIGRT_7, NULL, {sa_handler=SIG_DFL, sa_mask=[], sa_flags=0}, 8) = 0 <0.000027>
rt_sigaction(SIGRT_7, {sa_handler=0x463dc0, sa_mask=~[], sa_flags=SA_RESTORER|SA_ONSTACK|SA_RESTART|SA_SIGINFO, sa_restorer=0x463f00}, NULL, 8) = 0 <0.000027>
rt_sigaction(SIGRT_8, NULL, {sa_handler=SIG_DFL, sa_mask=[], sa_flags=0}, 8) = 0 <0.000027>
rt_sigaction(SIGRT_8, {sa_handler=0x463dc0, sa_mask=~[], sa_flags=SA_RESTORER|SA_ONSTACK|SA_RESTART|SA_SIGINFO, sa_restorer=0x463f00}, NULL, 8) = 0 <0.000027>
rt_sigaction(SIGRT_9, NULL, {sa_handler=SIG_DFL, sa_mask=[], sa_flags=0}, 8) = 0 <0.000027>
rt_sigaction(SIGRT_9, {sa_handler=0x463dc0, sa_mask=~[], sa_flags=SA_RESTORER|SA_ONSTACK|SA_RESTART|SA_SIGINFO, sa_restorer=0x463f00}, NULL, 8) = 0 <0.000027>
rt_sigaction(SIGRT_10, NULL, {sa_handler=SIG_DFL, sa_mask=[], sa_flags=0}, 8) = 0 <0.000027>
rt_sigaction(SIGRT_10, {sa_handler=0x463dc0, sa_mask=~[], sa_flags=SA_RESTORER|SA_ONSTACK|SA_RESTART|SA_SIGINFO, sa_restorer=0x463f00}, NULL, 8) = 0 <0.000026>
rt_sigaction(SIGRT_11, NULL, {sa_handler=SIG_DFL, sa_mask=[], sa_flags=0}, 8) = 0 <0.000027>
rt_sigaction(SIGRT_11, {sa_handler=0x463dc0, sa_mask=~[], sa_flags=SA_RESTORER|SA_ONSTACK|SA_RESTART|SA_SIGINFO, sa_restorer=0x463f00}, NULL, 8) = 0 <0.000027>
rt_sigaction(SIGRT_12, NULL, {sa_handler=SIG_DFL, sa_mask=[], sa_flags=0}, 8) = 0 <0.000027>
rt_sigaction(SIGRT_12, {sa_handler=0x463dc0, sa_mask=~[], sa_flags=SA_RESTORER|SA_ONSTACK|SA_RESTART|SA_SIGINFO, sa_restorer=0x463f00}, NULL, 8) = 0 <0.000027>
rt_sigaction(SIGRT_13, NULL, {sa_handler=SIG_DFL, sa_mask=[], sa_flags=0}, 8) = 0 <0.000027>
rt_sigaction(SIGRT_13, {sa_handler=0x463dc0, sa_mask=~[], sa_flags=SA_RESTORER|SA_ONSTACK|SA_RESTART|SA_SIGINFO, sa_restorer=0x463f00}, NULL, 8) = 0 <0.000026>
rt_sigaction(SIGRT_14, NULL, {sa_handler=SIG_DFL, sa_mask=[], sa_flags=0}, 8) = 0 <0.000026>
rt_sigaction(SIGRT_14, {sa_handler=0x463dc0, sa_mask=~[], sa_flags=SA_RESTORER|SA_ONSTACK|SA_RESTART|SA_SIGINFO, sa_restorer=0x463f00}, NULL, 8) = 0 <0.000027>
rt_sigaction(SIGRT_15, NULL, {sa_handler=SIG_DFL, sa_mask=[], sa_flags=0}, 8) = 0 <0.000027>
rt_sigaction(SIGRT_15, {sa_handler=0x463dc0, sa_mask=~[], sa_flags=SA_RESTORER|SA_ONSTACK|SA_RESTART|SA_SIGINFO, sa_restorer=0x463f00}, NULL, 8) = 0 <0.000027>
rt_sigaction(SIGRT_16, NULL, {sa_handler=SIG_DFL, sa_mask=[], sa_flags=0}, 8) = 0 <0.000027>
rt_sigaction(SIGRT_16, {sa_handler=0x463dc0, sa_mask=~[], sa_flags=SA_RESTORER|SA_ONSTACK|SA_RESTART|SA_SIGINFO, sa_restorer=0x463f00}, NULL, 8) = 0 <0.000027>
rt_sigaction(SIGRT_17, NULL, {sa_handler=SIG_DFL, sa_mask=[], sa_flags=0}, 8) = 0 <0.000027>
rt_sigaction(SIGRT_17, {sa_handler=0x463dc0, sa_mask=~[], sa_flags=SA_RESTORER|SA_ONSTACK|SA_RESTART|SA_SIGINFO, sa_restorer=0x463f00}, NULL, 8) = 0 <0.000027>
rt_sigaction(SIGRT_18, NULL, {sa_handler=SIG_DFL, sa_mask=[], sa_flags=0}, 8) = 0 <0.000027>
rt_sigaction(SIGRT_18, {sa_handler=0x463dc0, sa_mask=~[], sa_flags=SA_RESTORER|SA_ONSTACK|SA_RESTART|SA_SIGINFO, sa_restorer=0x463f00}, NULL, 8) = 0 <0.000026>
rt_sigaction(SIGRT_19, NULL, {sa_handler=SIG_DFL, sa_mask=[], sa_flags=0}, 8) = 0 <0.000027>
rt_sigaction(SIGRT_19, {sa_handler=0x463dc0, sa_mask=~[], sa_flags=SA_RESTORER|SA_ONSTACK|SA_RESTART|SA_SIGINFO, sa_restorer=0x463f00}, NULL, 8) = 0 <0.000027>
rt_sigaction(SIGRT_20, NULL, {sa_handler=SIG_DFL, sa_mask=[], sa_flags=0}, 8) = 0 <0.000027>
rt_sigaction(SIGRT_20, {sa_handler=0x463dc0, sa_mask=~[], sa_flags=SA_RESTORER|SA_ONSTACK|SA_RESTART|SA_SIGINFO, sa_restorer=0x463f00}, NULL, 8) = 0 <0.000027>
rt_sigaction(SIGRT_21, NULL, {sa_handler=SIG_DFL, sa_mask=[], sa_flags=0}, 8) = 0 <0.000027>
rt_sigaction(SIGRT_21, {sa_handler=0x463dc0, sa_mask=~[], sa_flags=SA_RESTORER|SA_ONSTACK|SA_RESTART|SA_SIGINFO, sa_restorer=0x463f00}, NULL, 8) = 0 <0.000029>
rt_sigaction(SIGRT_22, NULL, {sa_handler=SIG_DFL, sa_mask=[], sa_flags=0}, 8) = 0 <0.000030>
rt_sigaction(SIGRT_22, {sa_handler=0x463dc0, sa_mask=~[], sa_flags=SA_RESTORER|SA_ONSTACK|SA_RESTART|SA_SIGINFO, sa_restorer=0x463f00}, NULL, 8) = 0 <0.000027>
rt_sigaction(SIGRT_23, NULL, {sa_handler=SIG_DFL, sa_mask=[], sa_flags=0}, 8) = 0 <0.000027>
rt_sigaction(SIGRT_23, {sa_handler=0x463dc0, sa_mask=~[], sa_flags=SA_RESTORER|SA_ONSTACK|SA_RESTART|SA_SIGINFO, sa_restorer=0x463f00}, NULL, 8) = 0 <0.000028>
rt_sigaction(SIGRT_24, NULL, {sa_handler=SIG_DFL, sa_mask=[], sa_flags=0}, 8) = 0 <0.000027>
rt_sigaction(SIGRT_24, {sa_handler=0x463dc0, sa_mask=~[], sa_flags=SA_RESTORER|SA_ONSTACK|SA_RESTART|SA_SIGINFO, sa_restorer=0x463f00}, NULL, 8) = 0 <0.000027>
rt_sigaction(SIGRT_25, NULL, {sa_handler=SIG_DFL, sa_mask=[], sa_flags=0}, 8) = 0 <0.000027>
rt_sigaction(SIGRT_25, {sa_handler=0x463dc0, sa_mask=~[], sa_flags=SA_RESTORER|SA_ONSTACK|SA_RESTART|SA_SIGINFO, sa_restorer=0x463f00}, NULL, 8) = 0 <0.000027>
rt_sigaction(SIGRT_26, NULL, {sa_handler=SIG_DFL, sa_mask=[], sa_flags=0}, 8) = 0 <0.000027>
rt_sigaction(SIGRT_26, {sa_handler=0x463dc0, sa_mask=~[], sa_flags=SA_RESTORER|SA_ONSTACK|SA_RESTART|SA_SIGINFO, sa_restorer=0x463f00}, NULL, 8) = 0 <0.000027>
rt_sigaction(SIGRT_27, NULL, {sa_handler=SIG_DFL, sa_mask=[], sa_flags=0}, 8) = 0 <0.000027>
rt_sigaction(SIGRT_27, {sa_handler=0x463dc0, sa_mask=~[], sa_flags=SA_RESTORER|SA_ONSTACK|SA_RESTART|SA_SIGINFO, sa_restorer=0x463f00}, NULL, 8) = 0 <0.000027>
rt_sigaction(SIGRT_28, NULL, {sa_handler=SIG_DFL, sa_mask=[], sa_flags=0}, 8) = 0 <0.000027>
rt_sigaction(SIGRT_28, {sa_handler=0x463dc0, sa_mask=~[], sa_flags=SA_RESTORER|SA_ONSTACK|SA_RESTART|SA_SIGINFO, sa_restorer=0x463f00}, NULL, 8) = 0 <0.000027>
rt_sigaction(SIGRT_29, NULL, {sa_handler=SIG_DFL, sa_mask=[], sa_flags=0}, 8) = 0 <0.000027>
rt_sigaction(SIGRT_29, {sa_handler=0x463dc0, sa_mask=~[], sa_flags=SA_RESTORER|SA_ONSTACK|SA_RESTART|SA_SIGINFO, sa_restorer=0x463f00}, NULL, 8) = 0 <0.000027>
rt_sigaction(SIGRT_30, NULL, {sa_handler=SIG_DFL, sa_mask=[], sa_flags=0}, 8) = 0 <0.000027>
rt_sigaction(SIGRT_30, {sa_handler=0x463dc0, sa_mask=~[], sa_flags=SA_RESTORER|SA_ONSTACK|SA_RESTART|SA_SIGINFO, sa_restorer=0x463f00}, NULL, 8) = 0 <0.000027>
rt_sigaction(SIGRT_31, NULL, {sa_handler=SIG_DFL, sa_mask=[], sa_flags=0}, 8) = 0 <0.000027>
rt_sigaction(SIGRT_31, {sa_handler=0x463dc0, sa_mask=~[], sa_flags=SA_RESTORER|SA_ONSTACK|SA_RESTART|SA_SIGINFO, sa_restorer=0x463f00}, NULL, 8) = 0 <0.000027>
rt_sigaction(SIGRT_32, NULL, {sa_handler=SIG_DFL, sa_mask=[], sa_flags=0}, 8) = 0 <0.000027>
rt_sigaction(SIGRT_32, {sa_handler=0x463dc0, sa_mask=~[], sa_flags=SA_RESTORER|SA_ONSTACK|SA_RESTART|SA_SIGINFO, sa_restorer=0x463f00}, NULL, 8) = 0 <0.000027>
rt_sigprocmask(SIG_SETMASK, ~[], [], 8) = 0 <0.000207>
clone(child_stack=0xc000032000, flags=CLONE_VM|CLONE_FS|CLONE_FILES|CLONE_SIGHAND|CLONE_THREAD|CLONE_SYSVSEM|CLONE_SETTLS, tls=0xc00006c098) = 30233 <0.000089>
rt_sigprocmask(SIG_SETMASK, [], NULL, 8) = 0 <0.000035>
--- SIGURG {si_signo=SIGURG, si_code=SI_TKILL, si_pid=30232, si_uid=1000} ---
rt_sigreturn({mask=[]})                 = 0 <0.000029>
rt_sigprocmask(SIG_SETMASK, ~[], [], 8) = 0 <0.000028>
clone(child_stack=0xc000088000, flags=CLONE_VM|CLONE_FS|CLONE_FILES|CLONE_SIGHAND|CLONE_THREAD|CLONE_SYSVSEM|CLONE_SETTLS, tls=0xc00006c898) = 30234 <0.000063>
rt_sigprocmask(SIG_SETMASK, [], NULL, 8) = 0 <0.000057>
futex(0xc000088148, FUTEX_WAKE_PRIVATE, 1) = 1 <0.000111>
futex(0xc000088148, FUTEX_WAKE_PRIVATE, 1) = 1 <0.000042>
futex(0xc000088148, FUTEX_WAKE_PRIVATE, 1) = 1 <0.000043>
futex(0x52d620, FUTEX_WAIT_PRIVATE, 0, NULL) = -1 EAGAIN (Resource temporarily unavailable) <0.000029>
getrlimit(RLIMIT_NOFILE, {rlim_cur=1024*1024, rlim_max=1024*1024}) = 0 <0.000039>
fcntl(0, F_GETFL)                       = 0x2 (flags O_RDWR) <0.000028>
futex(0xc000100148, FUTEX_WAKE_PRIVATE, 1) = 1 <0.000084>
fcntl(1, F_GETFL)                       = 0x2 (flags O_RDWR) <0.000029>
fcntl(2, F_GETFL)                       = 0x2 (flags O_RDWR) <0.000030>
write(1, "Hello World\n", 12)           = 12 <0.000171>
futex(0x52dde0, FUTEX_WAKE_PRIVATE, 1)  = 1 <0.000050>
futex(0x52dcf8, FUTEX_WAKE_PRIVATE, 1)  = 1 <0.000073>
exit_group(0)                           = ?
+++ exited with 0 +++
